<?xml version="1.0" encoding="UTF-8"?>
<!-- Generated by org.testng.reporters.JUnitReportReporter -->
<testsuite hostname="Dell" failures="0" tests="1" name="tests.LoginTest" time="5.900" errors="0" timestamp="2025-07-31T14:18:30 IST" skipped="0">
  <testcase classname="tests.LoginTest" name="testValidLogin" time="5.900"/>
</testsuite> <!-- tests.LoginTest -->
