<?xml version="1.0" encoding="UTF-8"?>
<!-- Generated by org.testng.reporters.JUnitReportReporter -->
<testsuite hostname="Dell" failures="0" tests="1" name="tests.LoginTest" time="6.519" errors="0" timestamp="2025-08-03T16:29:46 IST" skipped="0">
  <testcase classname="tests.LoginTest" name="testValidLogin" time="6.519"/>
</testsuite> <!-- tests.LoginTest -->
