<?xml version="1.0" encoding="UTF-8"?>
<!-- Generated by org.testng.reporters.JUnitReportReporter -->
<testsuite hostname="Dell" failures="0" tests="1" name="tests.LoginTest" time="9.984" errors="0" timestamp="2025-07-31T18:09:33 IST" skipped="0">
  <testcase classname="tests.LoginTest" name="testValidLogin" time="9.984"/>
</testsuite> <!-- tests.LoginTest -->
